android/app/build/intermediates/manifest_merge_blame_file/release/processReleaseMainManifest/manifest-merger-blame-release-report.txt
1<?xml version="1.0" encoding="utf-8"?>
2<manifest xmlns:android="http://schemas.android.com/apk/res/android"
3    package="com.example.pirates_app"
4    android:versionCode="1"
5    android:versionName="1.0.0" >
6
7    <uses-sdk
8        android:minSdkVersion="23"
9        android:targetSdkVersion="35" />
10    <!--
11         Required to query activities that can process text, see:
12         https://developer.android.com/training/package-visibility and
13         https://developer.android.com/reference/android/content/Intent#ACTION_PROCESS_TEXT.
14
15         In particular, this is used by the Flutter engine in io.flutter.plugin.text.ProcessTextPlugin.
16    -->
17    <queries>
17-->src\main\AndroidManifest.xml:39:5-44:15
18        <intent>
18-->src\main\AndroidManifest.xml:40:9-43:18
19            <action android:name="android.intent.action.PROCESS_TEXT" />
19-->src\main\AndroidManifest.xml:41:13-72
19-->src\main\AndroidManifest.xml:41:21-70
20
21            <data android:mimeType="text/plain" />
21-->src\main\AndroidManifest.xml:42:13-50
21-->src\main\AndroidManifest.xml:42:19-48
22        </intent>
23        <intent>
23-->[:file_picker] AndroidManifest.xml:8:9-12:18
24            <action android:name="android.intent.action.GET_CONTENT" />
24-->[:file_picker] AndroidManifest.xml:9:13-72
24-->[:file_picker] AndroidManifest.xml:9:21-69
25
26            <data android:mimeType="*/*" />
26-->src\main\AndroidManifest.xml:42:13-50
26-->src\main\AndroidManifest.xml:42:19-48
27        </intent>
28    </queries>
29
30    <uses-permission
30-->src\main\AndroidManifest.xml:45:5-46:38
31        android:name="android.permission.READ_EXTERNAL_STORAGE"
31-->src\main\AndroidManifest.xml:45:22-77
32        android:maxSdkVersion="32" />
32-->src\main\AndroidManifest.xml:46:9-35
33    <uses-permission
33-->src\main\AndroidManifest.xml:47:5-48:38
34        android:name="android.permission.WRITE_EXTERNAL_STORAGE"
34-->src\main\AndroidManifest.xml:47:22-78
35        android:maxSdkVersion="32" />
35-->src\main\AndroidManifest.xml:48:9-35
36
37    <!-- Although the *SdkVersion is captured in gradle build files, this is required for non gradle builds -->
38    <!-- <uses-sdk android:minSdkVersion="21" /> -->
39    <uses-permission android:name="android.permission.ACCESS_NETWORK_STATE" />
39-->[com.google.firebase:firebase-firestore:25.1.3] AndroidManifest.xml:10:5-79
39-->[com.google.firebase:firebase-firestore:25.1.3] AndroidManifest.xml:10:22-76
40    <uses-permission android:name="android.permission.INTERNET" />
40-->[com.google.firebase:firebase-firestore:25.1.3] AndroidManifest.xml:11:5-67
40-->[com.google.firebase:firebase-firestore:25.1.3] AndroidManifest.xml:11:22-64
41
42    <permission
42-->[androidx.core:core:1.15.0] AndroidManifest.xml:22:5-24:47
43        android:name="com.example.pirates_app.DYNAMIC_RECEIVER_NOT_EXPORTED_PERMISSION"
43-->[androidx.core:core:1.15.0] AndroidManifest.xml:23:9-81
44        android:protectionLevel="signature" />
44-->[androidx.core:core:1.15.0] AndroidManifest.xml:24:9-44
45
46    <uses-permission android:name="com.example.pirates_app.DYNAMIC_RECEIVER_NOT_EXPORTED_PERMISSION" />
46-->[androidx.core:core:1.15.0] AndroidManifest.xml:26:5-97
46-->[androidx.core:core:1.15.0] AndroidManifest.xml:26:22-94
47
48    <application
49        android:name="android.app.Application"
49-->src\main\AndroidManifest.xml:4:9-42
50        android:appComponentFactory="androidx.core.app.CoreComponentFactory"
50-->[androidx.core:core:1.15.0] AndroidManifest.xml:28:18-86
51        android:extractNativeLibs="false"
52        android:icon="@mipmap/ic_launcher"
52-->src\main\AndroidManifest.xml:5:9-43
53        android:label="pirates_app" >
53-->src\main\AndroidManifest.xml:3:9-36
54        <activity
54-->src\main\AndroidManifest.xml:6:9-27:20
55            android:name="com.example.pirates_app.MainActivity"
55-->src\main\AndroidManifest.xml:7:13-41
56            android:configChanges="orientation|keyboardHidden|keyboard|screenSize|smallestScreenSize|locale|layoutDirection|fontScale|screenLayout|density|uiMode"
56-->src\main\AndroidManifest.xml:12:13-163
57            android:exported="true"
57-->src\main\AndroidManifest.xml:8:13-36
58            android:hardwareAccelerated="true"
58-->src\main\AndroidManifest.xml:13:13-47
59            android:launchMode="singleTop"
59-->src\main\AndroidManifest.xml:9:13-43
60            android:taskAffinity=""
60-->src\main\AndroidManifest.xml:10:13-36
61            android:theme="@style/LaunchTheme"
61-->src\main\AndroidManifest.xml:11:13-47
62            android:windowSoftInputMode="adjustResize" >
62-->src\main\AndroidManifest.xml:14:13-55
63
64            <!--
65                 Specifies an Android theme to apply to this Activity as soon as
66                 the Android process has started. This theme is visible to the user
67                 while the Flutter UI initializes. After that, this theme continues
68                 to determine the Window background behind the Flutter UI.
69            -->
70            <meta-data
70-->src\main\AndroidManifest.xml:19:13-22:17
71                android:name="io.flutter.embedding.android.NormalTheme"
71-->src\main\AndroidManifest.xml:20:15-70
72                android:resource="@style/NormalTheme" />
72-->src\main\AndroidManifest.xml:21:15-52
73
74            <intent-filter>
74-->src\main\AndroidManifest.xml:23:13-26:29
75                <action android:name="android.intent.action.MAIN" />
75-->src\main\AndroidManifest.xml:24:17-68
75-->src\main\AndroidManifest.xml:24:25-66
76
77                <category android:name="android.intent.category.LAUNCHER" />
77-->src\main\AndroidManifest.xml:25:17-76
77-->src\main\AndroidManifest.xml:25:27-74
78            </intent-filter>
79        </activity>
80        <!--
81             Don't delete the meta-data below.
82             This is used by the Flutter tool to generate GeneratedPluginRegistrant.java
83        -->
84        <meta-data
84-->src\main\AndroidManifest.xml:30:9-32:33
85            android:name="flutterEmbedding"
85-->src\main\AndroidManifest.xml:31:13-44
86            android:value="2" />
86-->src\main\AndroidManifest.xml:32:13-30
87
88        <service
88-->[:cloud_firestore] AndroidManifest.xml:8:9-12:19
89            android:name="com.google.firebase.components.ComponentDiscoveryService"
89-->[:cloud_firestore] AndroidManifest.xml:8:18-89
90            android:directBootAware="true"
90-->[com.google.firebase:firebase-common:21.0.0] AndroidManifest.xml:32:13-43
91            android:exported="false" >
91-->[com.google.firebase:firebase-firestore:25.1.3] AndroidManifest.xml:16:13-37
92            <meta-data
92-->[:cloud_firestore] AndroidManifest.xml:9:13-11:85
93                android:name="com.google.firebase.components:io.flutter.plugins.firebase.firestore.FlutterFirebaseFirestoreRegistrar"
93-->[:cloud_firestore] AndroidManifest.xml:10:17-134
94                android:value="com.google.firebase.components.ComponentRegistrar" />
94-->[:cloud_firestore] AndroidManifest.xml:11:17-82
95            <meta-data
95-->[:firebase_core] AndroidManifest.xml:9:13-11:85
96                android:name="com.google.firebase.components:io.flutter.plugins.firebase.core.FlutterFirebaseCoreRegistrar"
96-->[:firebase_core] AndroidManifest.xml:10:17-124
97                android:value="com.google.firebase.components.ComponentRegistrar" />
97-->[:firebase_core] AndroidManifest.xml:11:17-82
98            <meta-data
98-->[com.google.firebase:firebase-firestore:25.1.3] AndroidManifest.xml:17:13-19:85
99                android:name="com.google.firebase.components:com.google.firebase.firestore.FirebaseFirestoreKtxRegistrar"
99-->[com.google.firebase:firebase-firestore:25.1.3] AndroidManifest.xml:18:17-122
100                android:value="com.google.firebase.components.ComponentRegistrar" />
100-->[com.google.firebase:firebase-firestore:25.1.3] AndroidManifest.xml:19:17-82
101            <meta-data
101-->[com.google.firebase:firebase-firestore:25.1.3] AndroidManifest.xml:20:13-22:85
102                android:name="com.google.firebase.components:com.google.firebase.firestore.FirestoreRegistrar"
102-->[com.google.firebase:firebase-firestore:25.1.3] AndroidManifest.xml:21:17-111
103                android:value="com.google.firebase.components.ComponentRegistrar" />
103-->[com.google.firebase:firebase-firestore:25.1.3] AndroidManifest.xml:22:17-82
104            <meta-data
104-->[com.google.firebase:firebase-common-ktx:21.0.0] AndroidManifest.xml:12:13-14:85
105                android:name="com.google.firebase.components:com.google.firebase.ktx.FirebaseCommonLegacyRegistrar"
105-->[com.google.firebase:firebase-common-ktx:21.0.0] AndroidManifest.xml:13:17-116
106                android:value="com.google.firebase.components.ComponentRegistrar" />
106-->[com.google.firebase:firebase-common-ktx:21.0.0] AndroidManifest.xml:14:17-82
107            <meta-data
107-->[com.google.firebase:firebase-common:21.0.0] AndroidManifest.xml:35:13-37:85
108                android:name="com.google.firebase.components:com.google.firebase.FirebaseCommonKtxRegistrar"
108-->[com.google.firebase:firebase-common:21.0.0] AndroidManifest.xml:36:17-109
109                android:value="com.google.firebase.components.ComponentRegistrar" />
109-->[com.google.firebase:firebase-common:21.0.0] AndroidManifest.xml:37:17-82
110        </service>
111
112        <activity
112-->[:url_launcher_android] AndroidManifest.xml:8:9-11:74
113            android:name="io.flutter.plugins.urllauncher.WebViewActivity"
113-->[:url_launcher_android] AndroidManifest.xml:9:13-74
114            android:exported="false"
114-->[:url_launcher_android] AndroidManifest.xml:10:13-37
115            android:theme="@android:style/Theme.NoTitleBar.Fullscreen" />
115-->[:url_launcher_android] AndroidManifest.xml:11:13-71
116
117        <provider
117-->[com.google.firebase:firebase-common:21.0.0] AndroidManifest.xml:23:9-28:39
118            android:name="com.google.firebase.provider.FirebaseInitProvider"
118-->[com.google.firebase:firebase-common:21.0.0] AndroidManifest.xml:24:13-77
119            android:authorities="com.example.pirates_app.firebaseinitprovider"
119-->[com.google.firebase:firebase-common:21.0.0] AndroidManifest.xml:25:13-72
120            android:directBootAware="true"
120-->[com.google.firebase:firebase-common:21.0.0] AndroidManifest.xml:26:13-43
121            android:exported="false"
121-->[com.google.firebase:firebase-common:21.0.0] AndroidManifest.xml:27:13-37
122            android:initOrder="100" />
122-->[com.google.firebase:firebase-common:21.0.0] AndroidManifest.xml:28:13-36
123
124        <activity
124-->[com.google.android.gms:play-services-base:18.1.0] AndroidManifest.xml:20:9-22:45
125            android:name="com.google.android.gms.common.api.GoogleApiActivity"
125-->[com.google.android.gms:play-services-base:18.1.0] AndroidManifest.xml:20:19-85
126            android:exported="false"
126-->[com.google.android.gms:play-services-base:18.1.0] AndroidManifest.xml:22:19-43
127            android:theme="@android:style/Theme.Translucent.NoTitleBar" />
127-->[com.google.android.gms:play-services-base:18.1.0] AndroidManifest.xml:21:19-78
128
129        <provider
129-->[androidx.lifecycle:lifecycle-process:2.8.7] AndroidManifest.xml:24:9-32:20
130            android:name="androidx.startup.InitializationProvider"
130-->[androidx.lifecycle:lifecycle-process:2.8.7] AndroidManifest.xml:25:13-67
131            android:authorities="com.example.pirates_app.androidx-startup"
131-->[androidx.lifecycle:lifecycle-process:2.8.7] AndroidManifest.xml:26:13-68
132            android:exported="false" >
132-->[androidx.lifecycle:lifecycle-process:2.8.7] AndroidManifest.xml:27:13-37
133            <meta-data
133-->[androidx.lifecycle:lifecycle-process:2.8.7] AndroidManifest.xml:29:13-31:52
134                android:name="androidx.lifecycle.ProcessLifecycleInitializer"
134-->[androidx.lifecycle:lifecycle-process:2.8.7] AndroidManifest.xml:30:17-78
135                android:value="androidx.startup" />
135-->[androidx.lifecycle:lifecycle-process:2.8.7] AndroidManifest.xml:31:17-49
136            <meta-data
136-->[androidx.profileinstaller:profileinstaller:1.3.1] AndroidManifest.xml:29:13-31:52
137                android:name="androidx.profileinstaller.ProfileInstallerInitializer"
137-->[androidx.profileinstaller:profileinstaller:1.3.1] AndroidManifest.xml:30:17-85
138                android:value="androidx.startup" />
138-->[androidx.profileinstaller:profileinstaller:1.3.1] AndroidManifest.xml:31:17-49
139        </provider>
140
141        <uses-library
141-->[androidx.window:window:1.2.0] AndroidManifest.xml:23:9-25:40
142            android:name="androidx.window.extensions"
142-->[androidx.window:window:1.2.0] AndroidManifest.xml:24:13-54
143            android:required="false" />
143-->[androidx.window:window:1.2.0] AndroidManifest.xml:25:13-37
144        <uses-library
144-->[androidx.window:window:1.2.0] AndroidManifest.xml:26:9-28:40
145            android:name="androidx.window.sidecar"
145-->[androidx.window:window:1.2.0] AndroidManifest.xml:27:13-51
146            android:required="false" />
146-->[androidx.window:window:1.2.0] AndroidManifest.xml:28:13-37
147
148        <meta-data
148-->[com.google.android.gms:play-services-basement:18.3.0] AndroidManifest.xml:21:9-23:69
149            android:name="com.google.android.gms.version"
149-->[com.google.android.gms:play-services-basement:18.3.0] AndroidManifest.xml:22:13-58
150            android:value="@integer/google_play_services_version" />
150-->[com.google.android.gms:play-services-basement:18.3.0] AndroidManifest.xml:23:13-66
151
152        <receiver
152-->[androidx.profileinstaller:profileinstaller:1.3.1] AndroidManifest.xml:34:9-52:20
153            android:name="androidx.profileinstaller.ProfileInstallReceiver"
153-->[androidx.profileinstaller:profileinstaller:1.3.1] AndroidManifest.xml:35:13-76
154            android:directBootAware="false"
154-->[androidx.profileinstaller:profileinstaller:1.3.1] AndroidManifest.xml:36:13-44
155            android:enabled="true"
155-->[androidx.profileinstaller:profileinstaller:1.3.1] AndroidManifest.xml:37:13-35
156            android:exported="true"
156-->[androidx.profileinstaller:profileinstaller:1.3.1] AndroidManifest.xml:38:13-36
157            android:permission="android.permission.DUMP" >
157-->[androidx.profileinstaller:profileinstaller:1.3.1] AndroidManifest.xml:39:13-57
158            <intent-filter>
158-->[androidx.profileinstaller:profileinstaller:1.3.1] AndroidManifest.xml:40:13-42:29
159                <action android:name="androidx.profileinstaller.action.INSTALL_PROFILE" />
159-->[androidx.profileinstaller:profileinstaller:1.3.1] AndroidManifest.xml:41:17-91
159-->[androidx.profileinstaller:profileinstaller:1.3.1] AndroidManifest.xml:41:25-88
160            </intent-filter>
161            <intent-filter>
161-->[androidx.profileinstaller:profileinstaller:1.3.1] AndroidManifest.xml:43:13-45:29
162                <action android:name="androidx.profileinstaller.action.SKIP_FILE" />
162-->[androidx.profileinstaller:profileinstaller:1.3.1] AndroidManifest.xml:44:17-85
162-->[androidx.profileinstaller:profileinstaller:1.3.1] AndroidManifest.xml:44:25-82
163            </intent-filter>
164            <intent-filter>
164-->[androidx.profileinstaller:profileinstaller:1.3.1] AndroidManifest.xml:46:13-48:29
165                <action android:name="androidx.profileinstaller.action.SAVE_PROFILE" />
165-->[androidx.profileinstaller:profileinstaller:1.3.1] AndroidManifest.xml:47:17-88
165-->[androidx.profileinstaller:profileinstaller:1.3.1] AndroidManifest.xml:47:25-85
166            </intent-filter>
167            <intent-filter>
167-->[androidx.profileinstaller:profileinstaller:1.3.1] AndroidManifest.xml:49:13-51:29
168                <action android:name="androidx.profileinstaller.action.BENCHMARK_OPERATION" />
168-->[androidx.profileinstaller:profileinstaller:1.3.1] AndroidManifest.xml:50:17-95
168-->[androidx.profileinstaller:profileinstaller:1.3.1] AndroidManifest.xml:50:25-92
169            </intent-filter>
170        </receiver>
171    </application>
172
173</manifest>